<?xml version="1.0" encoding="utf-8"?><testsuites><testsuite name="pytest" errors="0" failures="0" skipped="0" tests="4" time="19.486" timestamp="2023-11-15T23:52:21.272133" hostname="DESKTOP-G9D9NJ6"><testcase classname="tests.model.test_model.TestModel" name="test_model_fit" time="5.830" /><testcase classname="tests.model.test_model.TestModel" name="test_model_predict" time="0.222" /><testcase classname="tests.model.test_model.TestModel" name="test_model_preprocess_for_serving" time="0.195" /><testcase classname="tests.model.test_model.TestModel" name="test_model_preprocess_for_training" time="5.764" /></testsuite></testsuites>